This is pdfeTeX, Version 3.141592-1.30.6-2.2 (MiKTeX 2.5) (preloaded format=pdflatex 2007.7.17)  23 SEP 2007 17:03
entering extended mode
**C:/Documents*and*Settings/mmc/Mis*documentos/Universidad/Labo*de*Micros/Doc/v
iabilidad-preinforme.tex

("C:\Documents and Settings\mmc\Mis documentos\Universidad\Labo de Micros\Doc\v
iabilidad-preinforme.tex"
LaTeX2e <2005/12/01>
Babel <v3.8g> and hyphenation patterns for english, dumylang, nohyphenation, ge
rman, ngerman, spanish, french, loaded.
(C:\texmf\tex\latex\base\article.cls
Document Class: article 2005/09/16 v1.4f Standard LaTeX document class
(C:\texmf\tex\latex\base\size10.clo
File: size10.clo 2005/09/16 v1.4f Standard LaTeX file (size option)
)
\c@part=\count79
\c@section=\count80
\c@subsection=\count81
\c@subsubsection=\count82
\c@paragraph=\count83
\c@subparagraph=\count84
\c@figure=\count85
\c@table=\count86
\abovecaptionskip=\skip41
\belowcaptionskip=\skip42
\bibindent=\dimen102
) (C:\texmf\tex\latex\base\inputenc.sty
Package: inputenc 2006/05/05 v1.1b Input encoding file
\inpenc@prehook=\toks14
\inpenc@posthook=\toks15

(C:\texmf\tex\latex\base\latin1.def
File: latin1.def 2006/05/05 v1.1b Input encoding file
)) (C:\texmf\tex\latex\graphics\color.sty
Package: color 2005/11/14 v1.0j Standard LaTeX Color (DPC)

(C:\texmf\tex\latex\00miktex\color.cfg
File: color.cfg 2005/12/29 v1.1 MiKTeX 'color' configuration
)
Package color Info: Driver file: pdftex.def on input line 130.
 (C:\texmf\tex\latex\graphics\pdftex.def
File: pdftex.def 2007/01/08 v0.04d Graphics/color for pdfTeX
\Gread@gobject=\count87
)) (C:\texmf\tex\latex\soul\soul.sty
Package: soul 2003/11/17 v2.4 letterspacing/underlining (mf)
\SOUL@word=\toks16
\SOUL@lasttoken=\toks17
\SOUL@cmds=\toks18
\SOUL@buffer=\toks19
\SOUL@token=\toks20
\SOUL@spaceskip=\skip43
\SOUL@ttwidth=\dimen103
\SOUL@uldp=\dimen104
\SOUL@ulht=\dimen105
) (viabilidad-preinforme.aux)
LaTeX Font Info:    Checking defaults for OML/cmm/m/it on input line 14.
LaTeX Font Info:    ... okay on input line 14.
LaTeX Font Info:    Checking defaults for T1/cmr/m/n on input line 14.
LaTeX Font Info:    ... okay on input line 14.
LaTeX Font Info:    Checking defaults for OT1/cmr/m/n on input line 14.
LaTeX Font Info:    ... okay on input line 14.
LaTeX Font Info:    Checking defaults for OMS/cmsy/m/n on input line 14.
LaTeX Font Info:    ... okay on input line 14.
LaTeX Font Info:    Checking defaults for OMX/cmex/m/n on input line 14.
LaTeX Font Info:    ... okay on input line 14.
LaTeX Font Info:    Checking defaults for U/cmr/m/n on input line 14.
LaTeX Font Info:    ... okay on input line 14.

(C:\texmf\tex\context\base\supp-pdf.tex
[Loading MPS to PDF converter (version 2006.09.02).]
\scratchcounter=\count88
\scratchdimen=\dimen106
\scratchbox=\box26
\nofMPsegments=\count89
\nofMParguments=\count90
\MPscratchCnt=\count91
\MPscratchDim=\dimen107
\MPnumerator=\count92
\everyMPtoPDFconversion=\toks21
)
LaTeX Font Info:    External font `cmex10' loaded for size
(Font)              <12> on input line 21.
LaTeX Font Info:    External font `cmex10' loaded for size
(Font)              <8> on input line 21.
LaTeX Font Info:    External font `cmex10' loaded for size
(Font)              <6> on input line 21.
LaTeX Font Info:    External font `cmex10' loaded for size
(Font)              <7> on input line 64.
LaTeX Font Info:    External font `cmex10' loaded for size
(Font)              <5> on input line 64.
 [1

{psfonts.map}] [2] [3] (viabilidad-preinforme.aux) ) 
Here is how much of TeX's memory you used:
 976 strings out of 95403
 11529 string characters out of 1187627
 62569 words of memory out of 1061643
 4156 multiletter control sequences out of 60000
 8208 words of font info for 29 fonts, out of 1000000 for 2000
 14 hyphenation exceptions out of 8191
 23i,9n,17p,259b,321s stack positions out of 5000i,500n,10000p,200000b,32768s
PDF statistics:
 31 PDF objects out of 300000
 0 named destinations out of 300000
 1 words of extra memory for PDF output out of 10000
<C:/texmf/fonts/type1/blues
ky/cm/cmmi10.pfb><C:/texmf/fonts/type1/bluesky/cm/cmr7.pfb><C:/texmf/fonts/type
1/bluesky/cm/cmbx10.pfb><C:/texmf/fonts/type1/bluesky/cm/cmr10.pfb><C:/texmf/fo
nts/type1/bluesky/cm/cmbx12.pfb><C:/texmf/fonts/type1/bluesky/cm/cmr12.pfb><C:/
texmf/fonts/type1/bluesky/cm/cmr17.pfb>
Output written on viabilidad-preinforme.pdf (3 pages, 54928 bytes).
